<?xml version="1.0" encoding="UTF-8" ?>
<testsuite tests="18" failures="0" name="TestSuite" time="9.18" errors="0" skipped="0">
  <properties>
    <property name="idea.version" value="2016.2.5"/>
    <property name="java.runtime.name" value="Java(TM) SE Runtime Environment"/>
    <property name="sun.boot.library.path" value="C:\Program Files\Java\jdk1.8.0_65\jre\bin"/>
    <property name="java.vm.version" value="25.65-b01"/>
    <property name="java.vm.vendor" value="Oracle Corporation"/>
    <property name="java.vendor.url" value="http://java.oracle.com/"/>
    <property name="path.separator" value=";"/>
    <property name="guice.disable.misplaced.annotation.check" value="true"/>
    <property name="java.vm.name" value="Java HotSpot(TM) Client VM"/>
    <property name="file.encoding.pkg" value="sun.io"/>
    <property name="idea.launcher.port" value="7535"/>
    <property name="user.script" value=""/>
    <property name="user.country" value="RU"/>
    <property name="sun.java.launcher" value="SUN_STANDARD"/>
    <property name="sun.os.patch.level" value=""/>
    <property name="java.vm.specification.name" value="Java Virtual Machine Specification"/>
    <property name="user.dir" value="C:\Users\Sergei\IdeaProjects\studentManager"/>
    <property name="java.runtime.version" value="1.8.0_65-b17"/>
    <property name="java.awt.graphicsenv" value="sun.awt.Win32GraphicsEnvironment"/>
    <property name="java.endorsed.dirs" value="C:\Program Files\Java\jdk1.8.0_65\jre\lib\endorsed"/>
    <property name="os.arch" value="x86"/>
    <property name="java.io.tmpdir" value="C:\Users\Sergei\AppData\Local\Temp\"/>
    <property name="line.separator" value="
"/>
    <property name="java.vm.specification.vendor" value="Oracle Corporation"/>
    <property name="user.variant" value=""/>
    <property name="os.name" value="Windows 7"/>
    <property name="classworlds.conf" value="D:\IDEA\IntelliJ IDEA 2016.2.5\plugins\maven\lib\maven3\bin\m2.conf"/>
    <property name="sun.jnu.encoding" value="Cp1251"/>
    <property name="java.library.path" value="C:\Program Files\Java\jdk1.8.0_65\bin;C:\Windows\Sun\Java\bin;C:\Windows\system32;C:\Windows;C:\ProgramData\Oracle\Java\javapath;C:\Program Files\Common Files\Siemens\Sqlany;C:\Program Files\Siemens\Step7\S7bin;C:\Program Files\AMD APP\bin\x86;C:\Windows\system32;C:\Windows;C:\Windows\System32\Wbem;C:\Windows\System32\WindowsPowerShell\v1.0\;C:\Program Files\ATI Technologies\ATI.ACE\Core-Static;C:\Program Files\PKWARE\pkzipc;.;C:\Program Files\Java\bin\;C:\Program Files\Java\lib\;C:\Program Files\Skype\Phone\;C:\Program Files\Git\cmd;.;C:\Program Files\Java\jdk1.8.0_65\bin;C:\Program Files\apache-maven-3.3.9\bin;D:\Program Files\MySQL\MySQL Server 5.7\bin;."/>
    <property name="java.specification.name" value="Java Platform API Specification"/>
    <property name="java.class.version" value="52.0"/>
    <property name="sun.management.compiler" value="HotSpot Client Compiler"/>
    <property name="os.version" value="6.1"/>
    <property name="user.home" value="C:\Users\Sergei"/>
    <property name="user.timezone" value="EET"/>
    <property name="java.awt.printerjob" value="sun.awt.windows.WPrinterJob"/>
    <property name="java.specification.version" value="1.8"/>
    <property name="idea.launcher.bin.path" value="D:\IDEA\IntelliJ IDEA 2016.2.5\bin"/>
    <property name="file.encoding" value="UTF-8"/>
    <property name="user.name" value="Sergei"/>
    <property name="java.class.path" value="D:\IDEA\IntelliJ IDEA 2016.2.5\plugins\maven\lib\maven3\boot\plexus-classworlds-2.4.jar;D:\IDEA\IntelliJ IDEA 2016.2.5\lib\idea_rt.jar"/>
    <property name="java.vm.specification.version" value="1.8"/>
    <property name="sun.arch.data.model" value="32"/>
    <property name="java.home" value="C:\Program Files\Java\jdk1.8.0_65\jre"/>
    <property name="sun.java.command" value="com.intellij.rt.execution.application.AppMain org.codehaus.classworlds.Launcher -Didea.version=2016.2.5 clean install"/>
    <property name="java.specification.vendor" value="Oracle Corporation"/>
    <property name="user.language" value="ru"/>
    <property name="awt.toolkit" value="sun.awt.windows.WToolkit"/>
    <property name="java.vm.info" value="mixed mode, sharing"/>
    <property name="java.version" value="1.8.0_65"/>
    <property name="java.ext.dirs" value="C:\Program Files\Java\jdk1.8.0_65\jre\lib\ext;C:\Windows\Sun\Java\lib\ext"/>
    <property name="sun.boot.class.path" value="C:\Program Files\Java\jdk1.8.0_65\jre\lib\resources.jar;C:\Program Files\Java\jdk1.8.0_65\jre\lib\rt.jar;C:\Program Files\Java\jdk1.8.0_65\jre\lib\sunrsasign.jar;C:\Program Files\Java\jdk1.8.0_65\jre\lib\jsse.jar;C:\Program Files\Java\jdk1.8.0_65\jre\lib\jce.jar;C:\Program Files\Java\jdk1.8.0_65\jre\lib\charsets.jar;C:\Program Files\Java\jdk1.8.0_65\jre\lib\jfr.jar;C:\Program Files\Java\jdk1.8.0_65\jre\classes"/>
    <property name="java.vendor" value="Oracle Corporation"/>
    <property name="maven.home" value="D:\IDEA\IntelliJ IDEA 2016.2.5\plugins\maven\lib\maven3"/>
    <property name="file.separator" value="\"/>
    <property name="java.vendor.url.bug" value="http://bugreport.sun.com/bugreport/"/>
    <property name="sun.cpu.endian" value="little"/>
    <property name="sun.io.unicode.encoding" value="UnicodeLittle"/>
    <property name="sun.desktop" value="windows"/>
    <property name="sun.cpu.isalist" value="pentium_pro+mmx pentium_pro pentium+mmx pentium i486 i386 i86"/>
  </properties>
  <testcase classname="com.courses.spring.dao.MarkDaoImplTest" name="deleteMark" time="0.434"/>
  <testcase classname="com.courses.spring.dao.MarkDaoImplTest" name="deleteMarkById" time="0.033"/>
  <testcase classname="com.courses.spring.dao.MarkDaoImplTest" name="findAllMarks" time="0.001"/>
  <testcase classname="com.courses.spring.dao.MarkDaoImplTest" name="getMarkById" time="0"/>
  <testcase classname="com.courses.spring.dao.MarkDaoImplTest" name="insertMark" time="0.047"/>
  <testcase classname="com.courses.spring.dao.MarkDaoImplTest" name="updateMarkTest" time="0.009"/>
  <testcase classname="com.courses.spring.dao.StudentDaoImplTest" name="deleteStudent" time="0.085"/>
  <testcase classname="com.courses.spring.dao.StudentDaoImplTest" name="deleteStudentById" time="0"/>
  <testcase classname="com.courses.spring.dao.StudentDaoImplTest" name="findAllStudents" time="0"/>
  <testcase classname="com.courses.spring.dao.StudentDaoImplTest" name="getStudentById" time="0.019"/>
  <testcase classname="com.courses.spring.dao.StudentDaoImplTest" name="insertStudent" time="0.013"/>
  <testcase classname="com.courses.spring.dao.StudentDaoImplTest" name="updateStudentTest" time="0"/>
  <testcase classname="com.courses.spring.dao.SubjectDaoImplTest" name="deleteSubject" time="0.01"/>
  <testcase classname="com.courses.spring.dao.SubjectDaoImplTest" name="deleteSubjectById" time="0.015"/>
  <testcase classname="com.courses.spring.dao.SubjectDaoImplTest" name="findAllSubject" time="0"/>
  <testcase classname="com.courses.spring.dao.SubjectDaoImplTest" name="getSubjectById" time="0.002"/>
  <testcase classname="com.courses.spring.dao.SubjectDaoImplTest" name="insertSubject" time="0.006"/>
  <testcase classname="com.courses.spring.dao.SubjectDaoImplTest" name="updateSubjectTest" time="0.002"/>
</testsuite>