<?xml version="1.0" encoding="UTF-8"?>
<!-- Generated by org.testng.reporters.JUnitReportReporter -->
<testsuite hostname="SergeiPC" name="com.courses.spring.dao.StudentDaoImplTest" tests="6" failures="0" timestamp="20 Dec 2016 13:40:12 GMT" time="0.233" errors="0">
  <testcase name="deleteStudent" time="0.090" classname="com.courses.spring.dao.StudentDaoImplTest"/>
  <testcase name="deleteStudentById" time="0.031" classname="com.courses.spring.dao.StudentDaoImplTest"/>
  <testcase name="updateStudentTest" time="0.022" classname="com.courses.spring.dao.StudentDaoImplTest"/>
  <testcase name="findAllStudents" time="0.026" classname="com.courses.spring.dao.StudentDaoImplTest"/>
  <testcase name="getStudentById" time="0.030" classname="com.courses.spring.dao.StudentDaoImplTest"/>
  <testcase name="insertStudent" time="0.034" classname="com.courses.spring.dao.StudentDaoImplTest"/>
</testsuite> <!-- com.courses.spring.dao.StudentDaoImplTest -->
