<?xml version="1.0" encoding="UTF-8"?>
<!-- Generated by org.testng.reporters.JUnitReportReporter -->
<testsuite hostname="SergeiPC" name="com.courses.spring.dao.SubjectDaoImplTest" tests="6" failures="0" timestamp="20 Dec 2016 13:40:12 GMT" time="0.182" errors="0">
  <testcase name="getSubjectById" time="0.031" classname="com.courses.spring.dao.SubjectDaoImplTest"/>
  <testcase name="insertSubject" time="0.036" classname="com.courses.spring.dao.SubjectDaoImplTest"/>
  <testcase name="deleteSubject" time="0.031" classname="com.courses.spring.dao.SubjectDaoImplTest"/>
  <testcase name="updateSubjectTest" time="0.030" classname="com.courses.spring.dao.SubjectDaoImplTest"/>
  <testcase name="deleteSubjectById" time="0.025" classname="com.courses.spring.dao.SubjectDaoImplTest"/>
  <testcase name="findAllSubject" time="0.029" classname="com.courses.spring.dao.SubjectDaoImplTest"/>
</testsuite> <!-- com.courses.spring.dao.SubjectDaoImplTest -->
