<?xml version="1.0" encoding="UTF-8"?>
<!-- Generated by org.testng.reporters.JUnitReportReporter -->
<testsuite hostname="SergeiPC" name="com.courses.spring.dao.MarkDaoImplTest" tests="6" failures="0" timestamp="20 Dec 2016 13:40:12 GMT" time="1.231" errors="0">
  <testcase name="updateMarkTest" time="0.044" classname="com.courses.spring.dao.MarkDaoImplTest"/>
  <testcase name="deleteMark" time="0.467" classname="com.courses.spring.dao.MarkDaoImplTest"/>
  <testcase name="insertMark" time="0.619" classname="com.courses.spring.dao.MarkDaoImplTest"/>
  <testcase name="deleteMarkById" time="0.038" classname="com.courses.spring.dao.MarkDaoImplTest"/>
  <testcase name="getMarkById" time="0.030" classname="com.courses.spring.dao.MarkDaoImplTest"/>
  <testcase name="findAllMarks" time="0.033" classname="com.courses.spring.dao.MarkDaoImplTest"/>
</testsuite> <!-- com.courses.spring.dao.MarkDaoImplTest -->
